OneKit/xwalk_shared_library/proguard-xwalk-shared-library.txt
-keep class org.xwalk.core.** {
    *;
}
-keep class org.chromium.** {
    *;
}
-keepattributes **
-ignorewarnings