OneKit/xwalk_shared_library/build/outputs/mapping/release/seeds.txt
org.chromium.content.browser.input.TextInputState
org.chromium.content.browser.input.TextInputState: java.lang.CharSequence mText
org.chromium.content.browser.input.TextInputState: org.chromium.content.browser.input.Range mSelection
org.chromium.content.browser.input.TextInputState: org.chromium.content.browser.input.Range mComposition
org.chromium.content.browser.input.TextInputState: boolean mSingleLine
org.chromium.content.browser.input.TextInputState: boolean mFromIme
org.chromium.content.browser.input.TextInputState: TextInputState(java.lang.CharSequence,org.chromium.content.browser.input.Range,org.chromium.content.browser.input.Range,boolean,boolean)
org.chromium.content.browser.input.TextInputState: java.lang.CharSequence text()
org.chromium.content.browser.input.TextInputState: org.chromium.content.browser.input.Range selection()
org.chromium.content.browser.input.TextInputState: org.chromium.content.browser.input.Range composition()
org.chromium.content.browser.input.TextInputState: boolean singleLine()
org.chromium.content.browser.input.TextInputState: boolean fromIme()
org.chromium.content.browser.input.TextInputState: java.lang.CharSequence getSelectedText()
org.chromium.content.browser.input.TextInputState: java.lang.CharSequence getTextAfterSelection(int)
org.chromium.content.browser.input.TextInputState: java.lang.CharSequence getTextBeforeSelection(int)
org.chromium.content.browser.input.TextInputState: boolean equals(java.lang.Object)
org.chromium.content.browser.input.ThreadedInputConnection
org.chromium.content.browser.input.ThreadedInputConnection: java.lang.String TAG
org.chromium.content.browser.input.ThreadedInputConnection: boolean DEBUG_LOGS
org.chromium.content.browser.input.ThreadedInputConnection: org.chromium.content.browser.input.TextInputState UNBLOCKER
org.chromium.content.browser.input.ThreadedInputConnection: java.lang.Runnable mProcessPendingInputStatesRunnable
org.chromium.content.browser.input.ThreadedInputConnection: java.lang.Runnable mMoveCursorSelectionEndRunnable
org.chromium.content.browser.input.ThreadedInputConnection: java.lang.Runnable mRequestTextInputStateUpdate
org.chromium.content.browser.input.ThreadedInputConnection: java.lang.Runnable mNotifyUserActionRunnable
org.chromium.content.browser.input.ThreadedInputConnection: java.lang.Runnable mFinishComposingTextRunnable
org.chromium.content.browser.input.ThreadedInputConnection: org.chromium.content.browser.input.ImeAdapter mImeAdapter
org.chromium.content.browser.input.ThreadedInputConnection: android.os.Handler mHandler
org.chromium.content.browser.input.ThreadedInputConnection: int mNumNestedBatchEdits
org.chromium.content.browser.input.ThreadedInputConnection: java.util.concurrent.BlockingQueue mQueue
org.chromium.content.browser.input.ThreadedInputConnection: int mPendingAccent
org.chromium.content.browser.input.ThreadedInputConnection$1
org.chromium.content.browser.input.ThreadedInputConnection$1: ThreadedInputConnection$1(java.lang.CharSequence,org.chromium.content.browser.input.Range,org.chromium.content.browser.input.Range,boolean,boolean)
org.chromium.content.browser.input.ThreadedInputConnection$1: boolean shouldUnblock()
org.chromium.content.browser.input.ThreadedInputConnection$10
org.chromium.content.browser.input.ThreadedInputConnection$10: int val$actionCode
org.chromium.content.browser.input.ThreadedInputConnection$10: org.chromium.content.browser.input.ThreadedInputConnection this$0
org.chromium.content.browser.input.ThreadedInputConnection$10: ThreadedInputConnection$10(org.chromium.content.browser.input.ThreadedInputConnection,int)
org.chromium.content.browser.input.ThreadedInputConnection$10: void run()