OneKit/xwalk_shared_library/build/outputs/mapping/release/mapping.txt
org.chromium.media.PhotoCapabilities -> org.chromium.media.PhotoCapabilities:
    int maxZoom -> maxZoom
    int minZoom -> minZoom
    int currentZoom -> currentZoom
    19:23:void <init>(int,int,int) -> <init>
    27:27:int getMinZoom() -> getMinZoom
    31:31:int getMaxZoom() -> getMaxZoom
    35:35:int getCurrentZoom() -> getCurrentZoom
org.chromium.media.VideoCapture -> org.chromium.media.VideoCapture:
    int mCameraNativeOrientation -> mCameraNativeOrientation
    boolean mInvertDeviceOrientationReadings -> mInvertDeviceOrientationReadings
    org.chromium.media.VideoCaptureFormat mCaptureFormat -> mCaptureFormat
    android.content.Context mContext -> mContext
    int mId -> mId
    long mNativeVideoCaptureDeviceAndroid -> mNativeVideoCaptureDeviceAndroid
    29:39:void <init>(android.content.Context,int,long) -> <init>
    boolean allocate(int,int,int) -> allocate
    boolean startCapture() -> startCapture
    boolean stopCapture() -> stopCapture
    org.chromium.media.PhotoCapabilities getPhotoCapabilities() -> getPhotoCapabilities
    boolean takePhoto(long) -> takePhoto
    void deallocate() -> deallocate
    62:62:int queryWidth() -> queryWidth
    67:67:int queryHeight() -> queryHeight
    72:72:int queryFrameRate() -> queryFrameRate
    77:86:int getColorspace() -> getColorspace
    91:93:int getCameraRotation() -> getCameraRotation
    97:115:int getDeviceRotation() -> getDeviceRotation
    void nativeOnFrameAvailable(long,byte[],int,int) -> nativeOnFrameAvailable
    void nativeOnError(long,java.lang.String) -> nativeOnError
    void nativeOnPhotoTaken(long,long,byte[]) -> nativeOnPhotoTaken
org.chromium.media.VideoCaptureAndroid -> org.chromium.media.VideoCaptureAndroid:
    int mExpectedFrameSize -> mExpectedFrameSize
    int NUM_CAPTURE_BUFFERS -> NUM_CAPTURE_BUFFERS
    java.lang.String TAG -> TAG
    48:48:int getNumberOfCameras() -> getNumberOfCameras
    52:55:int getCaptureApiType(int) -> getCaptureApiType
    59:62:java.lang.String getName(int) -> getName
    71:124:org.chromium.media.VideoCaptureFormat[] getDeviceSupportedFormats(int) -> getDeviceSupportedFormats
    128:129:void <init>(android.content.Context,int,long) -> <init>
    134:136:void setCaptureParameters(int,int,int,android.hardware.Camera$Parameters) -> setCaptureParameters
    140:146:void allocateBuffers() -> allocateBuffers
    150:151:void setPreviewCallback(android.hardware.Camera$PreviewCallback) -> setPreviewCallback
    155:170:void onPreviewFrame(byte[],android.hardware.Camera) -> onPreviewFrame
org.chromium.media.VideoCaptureAndroid$BuggyDeviceHack -> org.chromium.media.VideoCaptureAndroid$BuggyDeviceHack:
    java.lang.String[] COLORSPACE_BUGGY_DEVICE_LIST -> COLORSPACE_BUGGY_DEVICE_LIST
    26:26:void <init>() -> <init>
    34:39:int getImageFormat() -> getImageFormat
    27:27:void <clinit>() -> <clinit>